Build started 22-Nov-15 10:05:42 PM.
     1>Project "D:\Resource\Drive\Visual Studio 2013\Projects\PlantsVsZombies\OpenGL3DTemplate.vcxproj" on node 2 (Build target(s)).
     1>C:\Program Files (x86)\MSBuild\Microsoft.Cpp\v4.0\V120\Microsoft.CppBuild.targets(388,5): warning MSB8028: The intermediate directory (Debug\) contains files shared from another project (OpenGL3DTemplate.vcxproj).  This can lead to incorrect clean and rebuild behavior.
     1>ClCompile:
         D:\Program\Visual Studio 2013\VC\bin\CL.exe /c /I"D:\Resource\Drive\Visual Studio 2013\Projects\PlantsVsZombies\Debug\\.." /ZI /nologo /W3 /WX- /Od /Oy- /D WIN32 /D _DEBUG /D _CONSOLE /D _UNICODE /D UNICODE /Gm /EHsc /RTC1 /MDd /GS /fp:precise /Zc:wchar_t /Zc:forScope /Fo"Debug\\" /Fd"Debug\vc120.pdb" /Gd /TP /analyze- /errorReport:prompt gameplay.cpp
         gameplay.cpp
     1>d:\resource\drive\visual studio 2013\projects\plantsvszombies\gameplay.cpp(732): warning C4996: 'sprintf': This function or variable may be unsafe. Consider using sprintf_s instead. To disable deprecation, use _CRT_SECURE_NO_WARNINGS. See online help for details.
                 d:\program\visual studio 2013\vc\include\stdio.h(356) : see declaration of 'sprintf'
     1>d:\resource\drive\visual studio 2013\projects\plantsvszombies\gameplay.cpp(777): warning C4996: 'sprintf': This function or variable may be unsafe. Consider using sprintf_s instead. To disable deprecation, use _CRT_SECURE_NO_WARNINGS. See online help for details.
                 d:\program\visual studio 2013\vc\include\stdio.h(356) : see declaration of 'sprintf'
     1>d:\resource\drive\visual studio 2013\projects\plantsvszombies\gameplay.cpp(829): warning C4996: 'sprintf': This function or variable may be unsafe. Consider using sprintf_s instead. To disable deprecation, use _CRT_SECURE_NO_WARNINGS. See online help for details.
                 d:\program\visual studio 2013\vc\include\stdio.h(356) : see declaration of 'sprintf'
     1>d:\resource\drive\visual studio 2013\projects\plantsvszombies\gameplay.cpp(877): warning C4996: 'sprintf': This function or variable may be unsafe. Consider using sprintf_s instead. To disable deprecation, use _CRT_SECURE_NO_WARNINGS. See online help for details.
                 d:\program\visual studio 2013\vc\include\stdio.h(356) : see declaration of 'sprintf'
       Link:
         D:\Program\Visual Studio 2013\VC\bin\link.exe /ERRORREPORT:PROMPT /OUT:"D:\Resource\Drive\Visual Studio 2013\Projects\PlantsVsZombies\Debug\PlantsVsZombies.exe" /INCREMENTAL:NO /NOLOGO /LIBPATH:"D:\Resource\Drive\Visual Studio 2013\Projects\PlantsVsZombies\Debug\\.." glut32.lib kernel32.lib user32.lib gdi32.lib winspool.lib comdlg32.lib advapi32.lib shell32.lib ole32.lib oleaut32.lib uuid.lib odbc32.lib odbccp32.lib /MANIFEST /MANIFESTUAC:"level='asInvoker' uiAccess='false'" /manifest:embed /DEBUG /PDB:"D:\Resource\Drive\Visual Studio 2013\Projects\PlantsVsZombies\Debug\PlantsVsZombies.pdb" /SUBSYSTEM:CONSOLE /TLBID:1 /DYNAMICBASE /NXCOMPAT /IMPLIB:"D:\Resource\Drive\Visual Studio 2013\Projects\PlantsVsZombies\Debug\PlantsVsZombies.lib" /MACHINE:X86 Debug\gameplay.obj
     1>gameplay.obj : warning LNK4075: ignoring '/EDITANDCONTINUE' due to '/OPT:LBR' specification
         OpenGL3DTemplate.vcxproj -> D:\Resource\Drive\Visual Studio 2013\Projects\PlantsVsZombies\Debug\PlantsVsZombies.exe
     1>Done Building Project "D:\Resource\Drive\Visual Studio 2013\Projects\PlantsVsZombies\OpenGL3DTemplate.vcxproj" (Build target(s)).

Build succeeded.

Time Elapsed 00:00:03.59
